/home/data/xewii/media/images/extra/Hentai/complete/2b4091c812.jpg
	/home/data/xewii/media/images/extra/Hentai/complete/4d67520131.jpg
/home/data/xewii/media/images/extra/Hentai/complete/d3387ab0d6.jpg
	/home/data/xewii/media/images/extra/Hentai/complete/cddc4571ba.jpg
/home/data/xewii/media/images/extra/Hentai/complete/f5560b3bb2.jpg
	/home/data/xewii/media/images/extra/Hentai/complete/0e59d7368d.jpg
/home/data/xewii/media/images/extra/Hentai/complete/9ebcbadb3a.png
	/home/data/xewii/media/images/extra/Hentai/complete/a5dc3ab8e6.png
/home/data/xewii/media/images/extra/Hentai/complete/5995497-1561362655240.jpg
	/home/data/xewii/media/images/extra/Hentai/complete/72ae8b431c.jpg
/home/data/xewii/media/images/extra/Hentai/complete/0a0b2068f4.jpg
	/home/data/xewii/media/images/extra/Hentai/complete/1c30a16b57.jpg
/home/data/xewii/media/images/extra/Hentai/complete/5980000-173b.jpg
	/home/data/xewii/media/images/extra/Hentai/complete/8ef26222dc.jpg
/home/data/xewii/media/images/extra/Hentai/complete/d5e8c87b04.jpg
	/home/data/xewii/media/images/extra/Hentai/complete/db8b321d55.jpg
/home/data/xewii/media/images/extra/Hentai/complete/423030d9ab.jpg
	/home/data/xewii/media/images/extra/Hentai/complete/30a46de519.jpg
/home/data/xewii/media/images/extra/Hentai/complete/1b75260312.jpg
	/home/data/xewii/media/images/extra/Hentai/complete/d9ef9bf4fb.jpg
/home/data/xewii/media/images/extra/Hentai/complete/3ce4a395be.jpg
	/home/data/xewii/media/images/extra/Hentai/complete/7860cbcc13.jpg
/home/data/xewii/media/images/extra/Hentai/complete/bb42069ca2.jpg
	/home/data/xewii/media/images/extra/Hentai/complete/aec3a74a81.jpg
/home/data/xewii/media/images/extra/Hentai/complete/7e2a3a4ee2.jpg
	/home/data/xewii/media/images/extra/Hentai/complete/e9570f41fb.jpg
/home/data/xewii/media/images/extra/Hentai/complete/ca9e97a826.png
	/home/data/xewii/media/images/extra/Hentai/complete/8a2f2e9b67.png
/home/data/xewii/media/images/extra/Hentai/complete/c592b24846.jpg
	/home/data/xewii/media/images/extra/Hentai/complete/364234193c.jpg
/home/data/xewii/media/images/extra/Hentai/complete/4d8169557b.jpg
	/home/data/xewii/media/images/extra/Hentai/complete/c40235cbd9.jpg
/home/data/xewii/media/images/extra/Hentai/complete/7c4bd16801.jpg
	/home/data/xewii/media/images/extra/Hentai/complete/da7d5407b4.jpg
/home/data/xewii/media/images/extra/Hentai/complete/178ca37f6e.jpg
	/home/data/xewii/media/images/extra/Hentai/complete/5dd70196b0.jpg
/home/data/xewii/media/images/extra/Hentai/complete/e5f1664391.jpg
	/home/data/xewii/media/images/extra/Hentai/complete/76ad15a8c1.jpg
/home/data/xewii/media/images/extra/Hentai/complete/fcc237b1b6.jpg
	/home/data/xewii/media/images/extra/Hentai/complete/62e486aaf7.jpg
/home/data/xewii/media/images/extra/Hentai/complete/dc3cb9c0ff.png
	/home/data/xewii/media/images/extra/Hentai/complete/17a4a5b2b5.png
/home/data/xewii/media/images/extra/Hentai/complete/a05b6629f0.jpg
	/home/data/xewii/media/images/extra/Hentai/complete/6462708749.jpg
/home/data/xewii/media/images/extra/Hentai/complete/13749be568.jpg
	/home/data/xewii/media/images/extra/Hentai/complete/f9adaff13c.jpg
/home/data/xewii/media/images/extra/Hentai/complete/7565ca3d77.jpg
	/home/data/xewii/media/images/extra/Hentai/complete/e0cad22bc5.jpg
/home/data/xewii/media/images/extra/Hentai/complete/af9a0a7f2d.jpg
	/home/data/xewii/media/images/extra/Hentai/complete/071c700d12.jpg
/home/data/xewii/media/images/extra/Hentai/complete/d4ded82039.png
	/home/data/xewii/media/images/extra/Hentai/complete/d5fa62bfde.png
/home/data/xewii/media/images/extra/Hentai/complete/4425aa8e01.png
	/home/data/xewii/media/images/extra/Hentai/complete/1baf9d641c.png
/home/data/xewii/media/images/extra/Hentai/complete/016841798b.jpg
	/home/data/xewii/media/images/extra/Hentai/complete/66754a9c70.jpg
